{
  "RSpec": {
    "coverage": {
      "/Users/home/ruby/schoolio/app/controllers/courses_controller.rb": [
        1,
        null,
        1,
        4,
        null,
        null,
        1,
        7,
        null,
        null,
        1,
        3,
        3,
        null,
        null,
        1,
        11,
        null,
        null,
        1,
        5,
        null,
        null,
        1,
        2,
        2,
        2,
        null,
        null,
        1,
        1,
        1,
        null,
        1,
        null,
        null,
        1,
        19,
        null,
        null,
        1,
        null,
        1,
        5,
        null,
        null
      ],
      "/Users/home/ruby/schoolio/app/controllers/application_controller.rb": [
        1,
        null,
        null,
        1,
        1,
        null
      ],
      "/Users/home/ruby/schoolio/app/controllers/grades_controller.rb": [
        1,
        null,
        1,
        4,
        null,
        null,
        1,
        7,
        null,
        null,
        1,
        3,
        3,
        null,
        null,
        1,
        8,
        null,
        null,
        1,
        1,
        null,
        null,
        1,
        1,
        1,
        1,
        null,
        null,
        1,
        1,
        1,
        null,
        1,
        null,
        null,
        1,
        11,
        null,
        null,
        1,
        null,
        1,
        4,
        null,
        null,
        null
      ],
      "/Users/home/ruby/schoolio/app/controllers/sessions_controller.rb": [
        1,
        null,
        1,
        40,
        40,
        40,
        18,
        18,
        4,
        null,
        14,
        14,
        14,
        null,
        0,
        0,
        null,
        null,
        null,
        22,
        22,
        22,
        null,
        0,
        0,
        null,
        null,
        null,
        null,
        1,
        13,
        13,
        null,
        null
      ],
      "/Users/home/ruby/schoolio/app/models/behavior_trait.rb": [
        1,
        1,
        1,
        null
      ],
      "/Users/home/ruby/schoolio/app/models/course.rb": [
        1,
        1,
        1,
        1,
        null
      ],
      "/Users/home/ruby/schoolio/app/models/grade.rb": [
        1,
        1,
        1,
        null
      ],
      "/Users/home/ruby/schoolio/app/models/interest.rb": [
        1,
        1,
        1,
        null
      ],
      "/Users/home/ruby/schoolio/app/models/learning_style.rb": [
        1,
        1,
        null
      ],
      "/Users/home/ruby/schoolio/app/models/student_behavior.rb": [
        1,
        1,
        1,
        null
      ],
      "/Users/home/ruby/schoolio/app/models/student_interest.rb": [
        1,
        null,
        1,
        1,
        null,
        null
      ],
      "/Users/home/ruby/schoolio/app/models/wat.rb": [
        1,
        1,
        1,
        null
      ],
      "/Users/home/ruby/schoolio/app/controllers/users_controller.rb": [
        1,
        1,
        58,
        0,
        0,
        null,
        58,
        null,
        null,
        null,
        1,
        3,
        null,
        null,
        1,
        0,
        null,
        null,
        1,
        0,
        0,
        null,
        null,
        1,
        0,
        0,
        0,
        0,
        null,
        0,
        null,
        null,
        null,
        1,
        0,
        0,
        0,
        0,
        null,
        null,
        1,
        null,
        1,
        0,
        0,
        null,
        0,
        null,
        null,
        null,
        1,
        0,
        null,
        null
      ],
      "/Users/home/ruby/schoolio/app/controllers/students_controller.rb": [
        1,
        null,
        1,
        null,
        1,
        0,
        0,
        0,
        null,
        0,
        null,
        null,
        null,
        1,
        2,
        2,
        1,
        1,
        1,
        null,
        1,
        null,
        null,
        null,
        1,
        22,
        null,
        null,
        1,
        14,
        14,
        null,
        null,
        1,
        1,
        1,
        1,
        1,
        null,
        0,
        0,
        null,
        null,
        null,
        1,
        1,
        1,
        1,
        1,
        null,
        null,
        1,
        null,
        1,
        36,
        36,
        null,
        0,
        null,
        null,
        null,
        1,
        3,
        null,
        null,
        null,
        null
      ],
      "/Users/home/ruby/schoolio/app/controllers/instructors_controller.rb": [
        1,
        null,
        1,
        0,
        0,
        0,
        null,
        0,
        null,
        null,
        null,
        1,
        1,
        1,
        1,
        1,
        1,
        null,
        0,
        null,
        null,
        null,
        1,
        17,
        null,
        null,
        1,
        3,
        3,
        null,
        null,
        1,
        1,
        1,
        1,
        1,
        null,
        0,
        null,
        null,
        null,
        1,
        1,
        1,
        1,
        1,
        null,
        null,
        1,
        2,
        2,
        2,
        null,
        null,
        1,
        0,
        0,
        0,
        null,
        null,
        1,
        0,
        0,
        0,
        0,
        null,
        null,
        1,
        null,
        1,
        20,
        20,
        null,
        0,
        null,
        null,
        null,
        1,
        2,
        null,
        null,
        1,
        0,
        null,
        null,
        null,
        null
      ]
    },
    "timestamp": 1405806079
  }
}
